[INFO] Error stacktraces are turned on.
[INFO] Scanning for projects...
achou:/home/mopuser/workspace/loadLibrary.csv
Modifying surefire to add Java-MOP...
=====Version:: 2.6
=====Current ArgLine:: -Xmx512M -Xms512M
=====Current ArgLine:UFPE: -javaagent:/root/.m2/repository/javamop-agent/javamop-agent/1.0/javamop-agent-1.0.jar -Xmx512M -Xms512M
=====Version:: [default-test]
[INFO] 
[INFO] ---------< cassandra-composite-type:cassandra-composite-type >----------
[INFO] Building CassandraCompositeType 0.0.1
[INFO]   from pom.xml
[INFO] --------------------------------[ jar ]---------------------------------
[INFO] 
[INFO] --- resources:3.3.1:resources (default-resources) @ cassandra-composite-type ---
[WARNING] Using platform encoding (ANSI_X3.4-1968 actually) to copy filtered resources, i.e. build is platform dependent!
[INFO] skip non existing resourceDirectory /home/mopuser/workspace/CassandraCompositeType/src/main/resources
[INFO] 
[INFO] --- compiler:2.3.2:compile (default-compile) @ cassandra-composite-type ---
[INFO] Nothing to compile - all classes are up to date
[INFO] 
[INFO] --- resources:3.3.1:testResources (default-testResources) @ cassandra-composite-type ---
[WARNING] Using platform encoding (ANSI_X3.4-1968 actually) to copy filtered resources, i.e. build is platform dependent!
[INFO] Copying 2 resources from src/test/resources to target/test-classes
[INFO] 
[INFO] --- compiler:2.3.2:testCompile (default-testCompile) @ cassandra-composite-type ---
[INFO] Nothing to compile - all classes are up to date
[INFO] 
[INFO] --- surefire:2.6:test (default-test) @ cassandra-composite-type ---
[INFO] Surefire report directory: /home/mopuser/workspace/CassandraCompositeType/target/surefire-reports

-------------------------------------------------------
 T E S T S
-------------------------------------------------------
Running comparators.CompositeTest
Specification ByteArrayOutputStream_FlushBeforeRetrieve has been violated on line [comparators.Composite.pack(Composite.java:286), comparators.Composite.hashCode(Composite.java:1460), comparators.Composite.<init>(Composite.java:229), comparators.CompositeTest.testCompare(CompositeTest.java:62), sun.reflect.NativeMethodAccessorImpl.invoke0(Native Method), sun.reflect.NativeMethodAccessorImpl.invoke(NativeMethodAccessorImpl.java:62), sun.reflect.DelegatingMethodAccessorImpl.invoke(DelegatingMethodAccessorImpl.java:43), java.lang.reflect.Method.invoke(Method.java:498), org.junit.runners.model.FrameworkMethod$1.runReflectiveCall(FrameworkMethod.java:47), org.junit.internal.runners.model.ReflectiveCallable.run(ReflectiveCallable.java:12), org.junit.runners.model.FrameworkMethod.invokeExplosively(FrameworkMethod.java:44), org.junit.internal.runners.statements.InvokeMethod.evaluate(InvokeMethod.java:17), org.junit.runners.ParentRunner.runLeaf(ParentRunner.java:271), org.junit.runners.BlockJUnit4ClassRunner.runChild(BlockJUnit4ClassRunner.java:70), org.junit.runners.BlockJUnit4ClassRunner.runChild(BlockJUnit4ClassRunner.java:50), org.junit.runners.ParentRunner$3.run(ParentRunner.java:238), org.junit.runners.ParentRunner$1.schedule(ParentRunner.java:63), org.junit.runners.ParentRunner.runChildren(ParentRunner.java:236), org.junit.runners.ParentRunner.access$000(ParentRunner.java:53), org.junit.runners.ParentRunner$2.evaluate(ParentRunner.java:229), org.junit.runners.ParentRunner.run(ParentRunner.java:309), org.apache.maven.surefire.junit4.JUnit4TestSet.execute(JUnit4TestSet.java:59), org.apache.maven.surefire.suite.AbstractDirectoryTestSuite.executeTestSet(AbstractDirectoryTestSuite.java:120), org.apache.maven.surefire.suite.AbstractDirectoryTestSuite.execute(AbstractDirectoryTestSuite.java:145), org.apache.maven.surefire.Surefire.run(Surefire.java:104), sun.reflect.NativeMethodAccessorImpl.invoke0(Native Method), sun.reflect.NativeMethodAccessorImpl.invoke(NativeMethodAccessorImpl.java:62), sun.reflect.DelegatingMethodAccessorImpl.invoke(DelegatingMethodAccessorImpl.java:43), java.lang.reflect.Method.invoke(Method.java:498), org.apache.maven.surefire.booter.SurefireBooter.runSuitesInProcess(SurefireBooter.java:290), org.apache.maven.surefire.booter.SurefireBooter.main(SurefireBooter.java:1017)]. Documentation for this property can be found at http://runtimeverification.com/monitor/annotated-java/__properties/html/mop/ByteArrayOutputStream_FlushBeforeRetrieve.html
flush() or close() should be invoked before toByteArray() or toString() to get the complete contents.[comparators.Composite.pack(Composite.java:286), comparators.Composite.hashCode(Composite.java:1460), comparators.Composite.<init>(Composite.java:229), comparators.CompositeTest.testCompare(CompositeTest.java:62), sun.reflect.NativeMethodAccessorImpl.invoke0(Native Method), sun.reflect.NativeMethodAccessorImpl.invoke(NativeMethodAccessorImpl.java:62), sun.reflect.DelegatingMethodAccessorImpl.invoke(DelegatingMethodAccessorImpl.java:43), java.lang.reflect.Method.invoke(Method.java:498), org.junit.runners.model.FrameworkMethod$1.runReflectiveCall(FrameworkMethod.java:47), org.junit.internal.runners.model.ReflectiveCallable.run(ReflectiveCallable.java:12), org.junit.runners.model.FrameworkMethod.invokeExplosively(FrameworkMethod.java:44), org.junit.internal.runners.statements.InvokeMethod.evaluate(InvokeMethod.java:17), org.junit.runners.ParentRunner.runLeaf(ParentRunner.java:271), org.junit.runners.BlockJUnit4ClassRunner.runChild(BlockJUnit4ClassRunner.java:70), org.junit.runners.BlockJUnit4ClassRunner.runChild(BlockJUnit4ClassRunner.java:50), org.junit.runners.ParentRunner$3.run(ParentRunner.java:238), org.junit.runners.ParentRunner$1.schedule(ParentRunner.java:63), org.junit.runners.ParentRunner.runChildren(ParentRunner.java:236), org.junit.runners.ParentRunner.access$000(ParentRunner.java:53), org.junit.runners.ParentRunner$2.evaluate(ParentRunner.java:229), org.junit.runners.ParentRunner.run(ParentRunner.java:309), org.apache.maven.surefire.junit4.JUnit4TestSet.execute(JUnit4TestSet.java:59), org.apache.maven.surefire.suite.AbstractDirectoryTestSuite.executeTestSet(AbstractDirectoryTestSuite.java:120), org.apache.maven.surefire.suite.AbstractDirectoryTestSuite.execute(AbstractDirectoryTestSuite.java:145), org.apache.maven.surefire.Surefire.run(Surefire.java:104), sun.reflect.NativeMethodAccessorImpl.invoke0(Native Method), sun.reflect.NativeMethodAccessorImpl.invoke(NativeMethodAccessorImpl.java:62), sun.reflect.DelegatingMethodAccessorImpl.invoke(DelegatingMethodAccessorImpl.java:43), java.lang.reflect.Method.invoke(Method.java:498), org.apache.maven.surefire.booter.SurefireBooter.runSuitesInProcess(SurefireBooter.java:290), org.apache.maven.surefire.booter.SurefireBooter.main(SurefireBooter.java:1017)]
Mar 23, 2024 6:01:38 PM comparators.CompositeTest testCompare
INFO: smith
Mar 23, 2024 6:01:38 PM comparators.CompositeTest testCompare
INFO: smith
Mar 23, 2024 6:01:38 PM comparators.CompositeTest testCompare
INFO: smith > hello
Mar 23, 2024 6:01:38 PM comparators.CompositeTest testCompare
INFO: 654360b0-e93f-11ee-ab90-0242ac110002 < 654387c0-e93f-11ee-ab90-0242ac110002
Mar 23, 2024 6:01:38 PM comparators.CompositeTest testCompare
INFO: 256 = 256
Mar 23, 2024 6:01:38 PM comparators.CompositeTest testCompare
INFO: 256 = 256
Mar 23, 2024 6:01:38 PM comparators.CompositeTest testCompare
INFO: 256 = 256
Tests run: 1, Failures: 1, Errors: 0, Skipped: 0, Time elapsed: 3.273 sec <<< FAILURE!
Running comparators.RegressionTest
Ran out of memory creating debug info for an error
java.lang.OutOfMemoryError: GC overhead limit exceeded
	at java.util.HashMap.newNode(HashMap.java:1774)
	at java.util.HashMap.putVal(HashMap.java:632)
	at java.util.HashMap.put(HashMap.java:613)
	at java.util.HashSet.add(HashSet.java:220)
	at org.aspectj.apache.bcel.generic.InstructionHandle.addTargeter(InstructionHandle.java:161)
	at org.aspectj.apache.bcel.generic.MethodGen.<init>(MethodGen.java:300)
	at org.aspectj.weaver.bcel.LazyMethodGen.initialize(LazyMethodGen.java:366)
	at org.aspectj.weaver.bcel.LazyMethodGen.markAsChanged(LazyMethodGen.java:534)
	at org.aspectj.weaver.bcel.LazyMethodGen.getBody(LazyMethodGen.java:924)
	at org.aspectj.weaver.bcel.BcelShadow.makeShadowForMethod(BcelShadow.java:679)
	at org.aspectj.weaver.bcel.BcelShadow.makeMethodExecution(BcelShadow.java:675)
	at org.aspectj.weaver.bcel.BcelShadow.makeMethodExecution(BcelShadow.java:655)
	at org.aspectj.weaver.bcel.BcelClassWeaver.match(BcelClassWeaver.java:2618)
	at org.aspectj.weaver.bcel.BcelClassWeaver.weave(BcelClassWeaver.java:481)
	at org.aspectj.weaver.bcel.BcelClassWeaver.weave(BcelClassWeaver.java:101)
	at org.aspectj.weaver.bcel.BcelWeaver.weave(BcelWeaver.java:1689)
	at org.aspectj.weaver.bcel.BcelWeaver.weaveWithoutDump(BcelWeaver.java:1633)
	at org.aspectj.weaver.bcel.BcelWeaver.weaveAndNotify(BcelWeaver.java:1398)
	at org.aspectj.weaver.bcel.BcelWeaver.weave(BcelWeaver.java:1184)
	at org.aspectj.weaver.tools.WeavingAdaptor.getWovenBytes(WeavingAdaptor.java:527)
	at org.aspectj.weaver.tools.WeavingAdaptor.weaveClass(WeavingAdaptor.java:363)
	at org.aspectj.weaver.loadtime.Aj.preProcess(Aj.java:121)
	at org.aspectj.weaver.loadtime.ClassPreProcessorAgentAdapter.transform(ClassPreProcessorAgentAdapter.java:54)
	at sun.instrument.TransformerManager.transform(TransformerManager.java:188)
	at sun.instrument.InstrumentationImpl.transform(InstrumentationImpl.java:428)
	at java.lang.ClassLoader.defineClass1(Native Method)
	at java.lang.ClassLoader.defineClass(ClassLoader.java:756)
	at java.security.SecureClassLoader.defineClass(SecureClassLoader.java:142)
	at java.net.URLClassLoader.defineClass(URLClassLoader.java:473)
	at java.net.URLClassLoader.access$100(URLClassLoader.java:74)
	at java.net.URLClassLoader$1.run(URLClassLoader.java:369)
	at java.net.URLClassLoader$1.run(URLClassLoader.java:363)
[AppClassLoader@18b4aac2] abort trouble in: 
comparators.RegressionTest0 -- (OutOfMemoryError) GC overhead limit exceeded
GC overhead limit exceeded
java.lang.OutOfMemoryError: GC overhead limit exceeded
	at java.util.HashMap.newNode(HashMap.java:1774)
	at java.util.HashMap.putVal(HashMap.java:632)
	at java.util.HashMap.put(HashMap.java:613)
	at java.util.HashSet.add(HashSet.java:220)
	at org.aspectj.apache.bcel.generic.InstructionHandle.addTargeter(InstructionHandle.java:161)
	at org.aspectj.apache.bcel.generic.MethodGen.<init>(MethodGen.java:300)
	at org.aspectj.weaver.bcel.LazyMethodGen.initialize(LazyMethodGen.java:366)
	at org.aspectj.weaver.bcel.LazyMethodGen.markAsChanged(LazyMethodGen.java:534)
	at org.aspectj.weaver.bcel.LazyMethodGen.getBody(LazyMethodGen.java:924)
	at org.aspectj.weaver.bcel.BcelShadow.makeShadowForMethod(BcelShadow.java:679)
	at org.aspectj.weaver.bcel.BcelShadow.makeMethodExecution(BcelShadow.java:675)
	at org.aspectj.weaver.bcel.BcelShadow.makeMethodExecution(BcelShadow.java:655)
	at org.aspectj.weaver.bcel.BcelClassWeaver.match(BcelClassWeaver.java:2618)
	at org.aspectj.weaver.bcel.BcelClassWeaver.weave(BcelClassWeaver.java:481)
	at org.aspectj.weaver.bcel.BcelClassWeaver.weave(BcelClassWeaver.java:101)
	at org.aspectj.weaver.bcel.BcelWeaver.weave(BcelWeaver.java:1689)
	at org.aspectj.weaver.bcel.BcelWeaver.weaveWithoutDump(BcelWeaver.java:1633)
	at org.aspectj.weaver.bcel.BcelWeaver.weaveAndNotify(BcelWeaver.java:1398)
	at org.aspectj.weaver.bcel.BcelWeaver.weave(BcelWeaver.java:1184)
	at org.aspectj.weaver.tools.WeavingAdaptor.getWovenBytes(WeavingAdaptor.java:527)
	at org.aspectj.weaver.tools.WeavingAdaptor.weaveClass(WeavingAdaptor.java:363)
	at org.aspectj.weaver.loadtime.Aj.preProcess(Aj.java:121)
	at org.aspectj.weaver.loadtime.ClassPreProcessorAgentAdapter.transform(ClassPreProcessorAgentAdapter.java:54)
	at sun.instrument.TransformerManager.transform(TransformerManager.java:188)
	at sun.instrument.InstrumentationImpl.transform(InstrumentationImpl.java:428)
	at java.lang.ClassLoader.defineClass1(Native Method)
	at java.lang.ClassLoader.defineClass(ClassLoader.java:756)
	at java.security.SecureClassLoader.defineClass(SecureClassLoader.java:142)
	at java.net.URLClassLoader.defineClass(URLClassLoader.java:473)
	at java.net.URLClassLoader.access$100(URLClassLoader.java:74)
	at java.net.URLClassLoader$1.run(URLClassLoader.java:369)
	at java.net.URLClassLoader$1.run(URLClassLoader.java:363)

Mar 23, 2024 6:03:07 PM org.aspectj.weaver.tools.Jdk14Trace error
SEVERE: comparators/RegressionTest0
java.lang.OutOfMemoryError: GC overhead limit exceeded
	at java.util.HashMap.newNode(HashMap.java:1774)
	at java.util.HashMap.putVal(HashMap.java:632)
	at java.util.HashMap.put(HashMap.java:613)
	at java.util.HashSet.add(HashSet.java:220)
	at org.aspectj.apache.bcel.generic.InstructionHandle.addTargeter(InstructionHandle.java:161)
	at org.aspectj.apache.bcel.generic.MethodGen.<init>(MethodGen.java:300)
	at org.aspectj.weaver.bcel.LazyMethodGen.initialize(LazyMethodGen.java:366)
	at org.aspectj.weaver.bcel.LazyMethodGen.markAsChanged(LazyMethodGen.java:534)
	at org.aspectj.weaver.bcel.LazyMethodGen.getBody(LazyMethodGen.java:924)
	at org.aspectj.weaver.bcel.BcelShadow.makeShadowForMethod(BcelShadow.java:679)
	at org.aspectj.weaver.bcel.BcelShadow.makeMethodExecution(BcelShadow.java:675)
	at org.aspectj.weaver.bcel.BcelShadow.makeMethodExecution(BcelShadow.java:655)
	at org.aspectj.weaver.bcel.BcelClassWeaver.match(BcelClassWeaver.java:2618)
	at org.aspectj.weaver.bcel.BcelClassWeaver.weave(BcelClassWeaver.java:481)
	at org.aspectj.weaver.bcel.BcelClassWeaver.weave(BcelClassWeaver.java:101)
	at org.aspectj.weaver.bcel.BcelWeaver.weave(BcelWeaver.java:1689)
	at org.aspectj.weaver.bcel.BcelWeaver.weaveWithoutDump(BcelWeaver.java:1633)
	at org.aspectj.weaver.bcel.BcelWeaver.weaveAndNotify(BcelWeaver.java:1398)
	at org.aspectj.weaver.bcel.BcelWeaver.weave(BcelWeaver.java:1184)
	at org.aspectj.weaver.tools.WeavingAdaptor.getWovenBytes(WeavingAdaptor.java:527)
	at org.aspectj.weaver.tools.WeavingAdaptor.weaveClass(WeavingAdaptor.java:363)
	at org.aspectj.weaver.loadtime.Aj.preProcess(Aj.java:121)
	at org.aspectj.weaver.loadtime.ClassPreProcessorAgentAdapter.transform(ClassPreProcessorAgentAdapter.java:54)
	at sun.instrument.TransformerManager.transform(TransformerManager.java:188)
	at sun.instrument.InstrumentationImpl.transform(InstrumentationImpl.java:428)
	at java.lang.ClassLoader.defineClass1(Native Method)
	at java.lang.ClassLoader.defineClass(ClassLoader.java:756)
	at java.security.SecureClassLoader.defineClass(SecureClassLoader.java:142)
	at java.net.URLClassLoader.defineClass(URLClassLoader.java:473)
	at java.net.URLClassLoader.access$100(URLClassLoader.java:74)
	at java.net.URLClassLoader$1.run(URLClassLoader.java:369)
	at java.net.URLClassLoader$1.run(URLClassLoader.java:363)

Mar 23, 2024 6:03:07 PM org.aspectj.weaver.tools.Jdk14Trace info
INFO: Dumping to /home/mopuser/workspace/CassandraCompositeType/./ajcore.20240323.180307.967.txt
Ran out of memory creating debug info for an error
java.lang.OutOfMemoryError: GC overhead limit exceeded
[AppClassLoader@18b4aac2] abort trouble in: 
comparators.RegressionTest1 -- (OutOfMemoryError) GC overhead limit exceeded
GC overhead limit exceeded
java.lang.OutOfMemoryError: GC overhead limit exceeded

Mar 23, 2024 6:03:57 PM org.aspectj.weaver.tools.Jdk14Trace error
SEVERE: comparators/RegressionTest1
java.lang.OutOfMemoryError: GC overhead limit exceeded

Mar 23, 2024 6:03:57 PM org.aspectj.weaver.tools.Jdk14Trace info
INFO: Dumping to /home/mopuser/workspace/CassandraCompositeType/./ajcore.20240323.180357.527.txt
Ran out of memory creating debug info for an error
java.lang.OutOfMemoryError: GC overhead limit exceeded
[AppClassLoader@18b4aac2] abort trouble in: 
comparators.RegressionTest2 -- (OutOfMemoryError) GC overhead limit exceeded
GC overhead limit exceeded
java.lang.OutOfMemoryError: GC overhead limit exceeded

Mar 23, 2024 6:04:51 PM org.aspectj.weaver.tools.Jdk14Trace error
SEVERE: comparators/RegressionTest2
java.lang.OutOfMemoryError: GC overhead limit exceeded

Mar 23, 2024 6:04:51 PM org.aspectj.weaver.tools.Jdk14Trace info
INFO: Dumping to /home/mopuser/workspace/CassandraCompositeType/./ajcore.20240323.180451.940.txt
Ran out of memory creating debug info for an error
java.lang.OutOfMemoryError: GC overhead limit exceeded
[AppClassLoader@18b4aac2] abort trouble in: 
comparators.RegressionTest3 -- (OutOfMemoryError) GC overhead limit exceeded
GC overhead limit exceeded
java.lang.OutOfMemoryError: GC overhead limit exceeded

Mar 23, 2024 6:05:42 PM org.aspectj.weaver.tools.Jdk14Trace error
SEVERE: comparators/RegressionTest3
java.lang.OutOfMemoryError: GC overhead limit exceeded

Mar 23, 2024 6:05:42 PM org.aspectj.weaver.tools.Jdk14Trace info
INFO: Dumping to /home/mopuser/workspace/CassandraCompositeType/./ajcore.20240323.180542.425.txt
Ran out of memory creating debug info for an error
java.lang.OutOfMemoryError: GC overhead limit exceeded
[AppClassLoader@18b4aac2] abort trouble in: 
comparators.RegressionTest4 -- (OutOfMemoryError) GC overhead limit exceeded
GC overhead limit exceeded
java.lang.OutOfMemoryError: GC overhead limit exceeded

Mar 23, 2024 6:06:33 PM org.aspectj.weaver.tools.Jdk14Trace error
SEVERE: comparators/RegressionTest4
java.lang.OutOfMemoryError: GC overhead limit exceeded

Mar 23, 2024 6:06:33 PM org.aspectj.weaver.tools.Jdk14Trace info
INFO: Dumping to /home/mopuser/workspace/CassandraCompositeType/./ajcore.20240323.180633.119.txt
Ran out of memory creating debug info for an error
java.lang.OutOfMemoryError: GC overhead limit exceeded
[AppClassLoader@18b4aac2] abort trouble in: 
comparators.RegressionTest5 -- (OutOfMemoryError) GC overhead limit exceeded
GC overhead limit exceeded
java.lang.OutOfMemoryError: GC overhead limit exceeded

Mar 23, 2024 6:07:26 PM org.aspectj.weaver.tools.Jdk14Trace error
SEVERE: comparators/RegressionTest5
java.lang.OutOfMemoryError: GC overhead limit exceeded

Mar 23, 2024 6:07:26 PM org.aspectj.weaver.tools.Jdk14Trace info
INFO: Dumping to /home/mopuser/workspace/CassandraCompositeType/./ajcore.20240323.180726.363.txt
Ran out of memory creating debug info for an error
java.lang.OutOfMemoryError: GC overhead limit exceeded
[AppClassLoader@18b4aac2] abort trouble in: 
comparators.RegressionTest6 -- (OutOfMemoryError) GC overhead limit exceeded
GC overhead limit exceeded
java.lang.OutOfMemoryError: GC overhead limit exceeded

Mar 23, 2024 6:08:23 PM org.aspectj.weaver.tools.Jdk14Trace error
SEVERE: comparators/RegressionTest6
java.lang.OutOfMemoryError: GC overhead limit exceeded

Mar 23, 2024 6:08:23 PM org.aspectj.weaver.tools.Jdk14Trace info
INFO: Dumping to /home/mopuser/workspace/CassandraCompositeType/./ajcore.20240323.180823.558.txt
Ran out of memory creating debug info for an error
java.lang.OutOfMemoryError: GC overhead limit exceeded
[AppClassLoader@18b4aac2] abort trouble in: 
comparators.RegressionTest7 -- (OutOfMemoryError) GC overhead limit exceeded
GC overhead limit exceeded
java.lang.OutOfMemoryError: GC overhead limit exceeded

Mar 23, 2024 6:09:16 PM org.aspectj.weaver.tools.Jdk14Trace error
SEVERE: comparators/RegressionTest7
java.lang.OutOfMemoryError: GC overhead limit exceeded

Mar 23, 2024 6:09:16 PM org.aspectj.weaver.tools.Jdk14Trace info
INFO: Dumping to /home/mopuser/workspace/CassandraCompositeType/./ajcore.20240323.180916.497.txt
Ran out of memory creating debug info for an error
java.lang.OutOfMemoryError: GC overhead limit exceeded
[AppClassLoader@18b4aac2] abort trouble in: 
comparators.RegressionTest8 -- (OutOfMemoryError) GC overhead limit exceeded
GC overhead limit exceeded
java.lang.OutOfMemoryError: GC overhead limit exceeded

Mar 23, 2024 6:10:10 PM org.aspectj.weaver.tools.Jdk14Trace error
SEVERE: comparators/RegressionTest8
java.lang.OutOfMemoryError: GC overhead limit exceeded

Mar 23, 2024 6:10:10 PM org.aspectj.weaver.tools.Jdk14Trace info
INFO: Dumping to /home/mopuser/workspace/CassandraCompositeType/./ajcore.20240323.181010.326.txt
Mar 23, 2024 6:10:10 PM org.aspectj.weaver.tools.Jdk14Trace info
INFO: Dumping to /home/mopuser/workspace/CassandraCompositeType/./ajcore.20240323.181010.385.txt
Specification ByteArrayOutputStream_FlushBeforeRetrieve has been violated on line [comparators.Composite.pack(Composite.java:286), comparators.Composite.serialize(Composite.java:761), comparators.RegressionTest0.test0019(RegressionTest0.java:228), sun.reflect.NativeMethodAccessorImpl.invoke0(Native Method), sun.reflect.NativeMethodAccessorImpl.invoke(NativeMethodAccessorImpl.java:62), sun.reflect.DelegatingMethodAccessorImpl.invoke(DelegatingMethodAccessorImpl.java:43), java.lang.reflect.Method.invoke(Method.java:498), org.junit.runners.model.FrameworkMethod$1.runReflectiveCall(FrameworkMethod.java:47), org.junit.internal.runners.model.ReflectiveCallable.run(ReflectiveCallable.java:12), org.junit.runners.model.FrameworkMethod.invokeExplosively(FrameworkMethod.java:44), org.junit.internal.runners.statements.InvokeMethod.evaluate(InvokeMethod.java:17), org.junit.runners.ParentRunner.runLeaf(ParentRunner.java:271), org.junit.runners.BlockJUnit4ClassRunner.runChild(BlockJUnit4ClassRunner.java:70), org.junit.runners.BlockJUnit4ClassRunner.runChild(BlockJUnit4ClassRunner.java:50), org.junit.runners.ParentRunner$3.run(ParentRunner.java:238), org.junit.runners.ParentRunner$1.schedule(ParentRunner.java:63), org.junit.runners.ParentRunner.runChildren(ParentRunner.java:236), org.junit.runners.ParentRunner.access$000(ParentRunner.java:53), org.junit.runners.ParentRunner$2.evaluate(ParentRunner.java:229), org.junit.runners.ParentRunner.run(ParentRunner.java:309), org.junit.runners.Suite.runChild(Suite.java:127), org.junit.runners.Suite.runChild(Suite.java:26), org.junit.runners.ParentRunner$3.run(ParentRunner.java:238), org.junit.runners.ParentRunner$1.schedule(ParentRunner.java:63), org.junit.runners.ParentRunner.runChildren(ParentRunner.java:236), org.junit.runners.ParentRunner.access$000(ParentRunner.java:53), org.junit.runners.ParentRunner$2.evaluate(ParentRunner.java:229), org.junit.runners.ParentRunner.run(ParentRunner.java:309), org.apache.maven.surefire.junit4.JUnit4TestSet.execute(JUnit4TestSet.java:59), org.apache.maven.surefire.suite.AbstractDirectoryTestSuite.executeTestSet(AbstractDirectoryTestSuite.java:120), org.apache.maven.surefire.suite.AbstractDirectoryTestSuite.execute(AbstractDirectoryTestSuite.java:145), org.apache.maven.surefire.Surefire.run(Surefire.java:104), sun.reflect.NativeMethodAccessorImpl.invoke0(Native Method), sun.reflect.NativeMethodAccessorImpl.invoke(NativeMethodAccessorImpl.java:62), sun.reflect.DelegatingMethodAccessorImpl.invoke(DelegatingMethodAccessorImpl.java:43), java.lang.reflect.Method.invoke(Method.java:498), org.apache.maven.surefire.booter.SurefireBooter.runSuitesInProcess(SurefireBooter.java:290), org.apache.maven.surefire.booter.SurefireBooter.main(SurefireBooter.java:1017)]. Documentation for this property can be found at http://runtimeverification.com/monitor/annotated-java/__properties/html/mop/ByteArrayOutputStream_FlushBeforeRetrieve.html
flush() or close() should be invoked before toByteArray() or toString() to get the complete contents.[comparators.Composite.pack(Composite.java:286), comparators.Composite.serialize(Composite.java:761), comparators.RegressionTest0.test0019(RegressionTest0.java:228), sun.reflect.NativeMethodAccessorImpl.invoke0(Native Method), sun.reflect.NativeMethodAccessorImpl.invoke(NativeMethodAccessorImpl.java:62), sun.reflect.DelegatingMethodAccessorImpl.invoke(DelegatingMethodAccessorImpl.java:43), java.lang.reflect.Method.invoke(Method.java:498), org.junit.runners.model.FrameworkMethod$1.runReflectiveCall(FrameworkMethod.java:47), org.junit.internal.runners.model.ReflectiveCallable.run(ReflectiveCallable.java:12), org.junit.runners.model.FrameworkMethod.invokeExplosively(FrameworkMethod.java:44), org.junit.internal.runners.statements.InvokeMethod.evaluate(InvokeMethod.java:17), org.junit.runners.ParentRunner.runLeaf(ParentRunner.java:271), org.junit.runners.BlockJUnit4ClassRunner.runChild(BlockJUnit4ClassRunner.java:70), org.junit.runners.BlockJUnit4ClassRunner.runChild(BlockJUnit4ClassRunner.java:50), org.junit.runners.ParentRunner$3.run(ParentRunner.java:238), org.junit.runners.ParentRunner$1.schedule(ParentRunner.java:63), org.junit.runners.ParentRunner.runChildren(ParentRunner.java:236), org.junit.runners.ParentRunner.access$000(ParentRunner.java:53), org.junit.runners.ParentRunner$2.evaluate(ParentRunner.java:229), org.junit.runners.ParentRunner.run(ParentRunner.java:309), org.junit.runners.Suite.runChild(Suite.java:127), org.junit.runners.Suite.runChild(Suite.java:26), org.junit.runners.ParentRunner$3.run(ParentRunner.java:238), org.junit.runners.ParentRunner$1.schedule(ParentRunner.java:63), org.junit.runners.ParentRunner.runChildren(ParentRunner.java:236), org.junit.runners.ParentRunner.access$000(ParentRunner.java:53), org.junit.runners.ParentRunner$2.evaluate(ParentRunner.java:229), org.junit.runners.ParentRunner.run(ParentRunner.java:309), org.apache.maven.surefire.junit4.JUnit4TestSet.execute(JUnit4TestSet.java:59), org.apache.maven.surefire.suite.AbstractDirectoryTestSuite.executeTestSet(AbstractDirectoryTestSuite.java:120), org.apache.maven.surefire.suite.AbstractDirectoryTestSuite.execute(AbstractDirectoryTestSuite.java:145), org.apache.maven.surefire.Surefire.run(Surefire.java:104), sun.reflect.NativeMethodAccessorImpl.invoke0(Native Method), sun.reflect.NativeMethodAccessorImpl.invoke(NativeMethodAccessorImpl.java:62), sun.reflect.DelegatingMethodAccessorImpl.invoke(DelegatingMethodAccessorImpl.java:43), java.lang.reflect.Method.invoke(Method.java:498), org.apache.maven.surefire.booter.SurefireBooter.runSuitesInProcess(SurefireBooter.java:290), org.apache.maven.surefire.booter.SurefireBooter.main(SurefireBooter.java:1017)]
Tests run: 4443, Failures: 71, Errors: 0, Skipped: 0, Time elapsed: 515.809 sec <<< FAILURE!

Results :

Failed tests: 
  test0591(comparators.RegressionTest1)
  test0770(comparators.RegressionTest1)
  test0793(comparators.RegressionTest1)
  test0842(comparators.RegressionTest1)
  test1034(comparators.RegressionTest2)
  test1058(comparators.RegressionTest2)
  test1149(comparators.RegressionTest2)
  test1171(comparators.RegressionTest2)
  test1192(comparators.RegressionTest2)
  test1217(comparators.RegressionTest2)
  test1315(comparators.RegressionTest2)
  test1333(comparators.RegressionTest2)
  test1367(comparators.RegressionTest2)
  test1524(comparators.RegressionTest3)
  test1599(comparators.RegressionTest3)
  test1636(comparators.RegressionTest3)
  test1651(comparators.RegressionTest3)
  test1692(comparators.RegressionTest3)
  test1714(comparators.RegressionTest3)
  test1808(comparators.RegressionTest3)
  test1849(comparators.RegressionTest3)
  test1939(comparators.RegressionTest3)
  test2011(comparators.RegressionTest4)
  test2019(comparators.RegressionTest4)
  test2064(comparators.RegressionTest4)
  test2149(comparators.RegressionTest4)
  test2151(comparators.RegressionTest4)
  test2166(comparators.RegressionTest4)
  test2349(comparators.RegressionTest4)
  test2376(comparators.RegressionTest4)
  test2402(comparators.RegressionTest4)
  test2428(comparators.RegressionTest4)
  test2574(comparators.RegressionTest5)
  test2598(comparators.RegressionTest5)
  test2700(comparators.RegressionTest5)
  test2789(comparators.RegressionTest5)
  test2805(comparators.RegressionTest5)
  test2929(comparators.RegressionTest5)
  test3024(comparators.RegressionTest6)
  test3037(comparators.RegressionTest6)
  test3109(comparators.RegressionTest6)
  test3199(comparators.RegressionTest6)
  test3216(comparators.RegressionTest6)
  test3263(comparators.RegressionTest6)
  test3288(comparators.RegressionTest6)
  test3326(comparators.RegressionTest6)
  test3337(comparators.RegressionTest6)
  test3348(comparators.RegressionTest6)
  test3367(comparators.RegressionTest6)
  test3376(comparators.RegressionTest6)
  test3469(comparators.RegressionTest6)
  test3492(comparators.RegressionTest6)
  test3551(comparators.RegressionTest7)
  test3585(comparators.RegressionTest7)
  test3604(comparators.RegressionTest7)
  test3637(comparators.RegressionTest7)
  test3642(comparators.RegressionTest7)
  test3696(comparators.RegressionTest7)
  test3809(comparators.RegressionTest7)
  test3831(comparators.RegressionTest7)
  test3941(comparators.RegressionTest7)
  test3966(comparators.RegressionTest7)
  test4009(comparators.RegressionTest8)
  test4099(comparators.RegressionTest8)
  test4176(comparators.RegressionTest8)
  test4191(comparators.RegressionTest8)
  test4213(comparators.RegressionTest8)
  test4254(comparators.RegressionTest8)
  test4255(comparators.RegressionTest8)
  test4261(comparators.RegressionTest8)
  test4414(comparators.RegressionTest8)

Tests run: 4444, Failures: 72, Errors: 0, Skipped: 0

[INFO] ------------------------------------------------------------------------
[INFO] BUILD FAILURE
[INFO] ------------------------------------------------------------------------
[INFO] Total time:  08:44 min
[INFO] Finished at: 2024-03-23T18:10:16Z
[INFO] ------------------------------------------------------------------------
[ERROR] Failed to execute goal org.apache.maven.plugins:maven-surefire-plugin:2.6:test (default-test) on project cassandra-composite-type: There are test failures.
[ERROR] 
[ERROR] Please refer to /home/mopuser/workspace/CassandraCompositeType/target/surefire-reports for the individual test results.
[ERROR] -> [Help 1]
org.apache.maven.lifecycle.LifecycleExecutionException: Failed to execute goal org.apache.maven.plugins:maven-surefire-plugin:2.6:test (default-test) on project cassandra-composite-type: There are test failures.

Please refer to /home/mopuser/workspace/CassandraCompositeType/target/surefire-reports for the individual test results.
    at org.apache.maven.lifecycle.internal.MojoExecutor.doExecute2 (MojoExecutor.java:333)
    at org.apache.maven.lifecycle.internal.MojoExecutor.doExecute (MojoExecutor.java:316)
    at org.apache.maven.lifecycle.internal.MojoExecutor.execute (MojoExecutor.java:212)
    at org.apache.maven.lifecycle.internal.MojoExecutor.execute (MojoExecutor.java:174)
    at org.apache.maven.lifecycle.internal.MojoExecutor.access$000 (MojoExecutor.java:75)
    at org.apache.maven.lifecycle.internal.MojoExecutor$1.run (MojoExecutor.java:162)
    at org.apache.maven.plugin.DefaultMojosExecutionStrategy.execute (DefaultMojosExecutionStrategy.java:39)
    at org.apache.maven.lifecycle.internal.MojoExecutor.execute (MojoExecutor.java:159)
    at org.apache.maven.lifecycle.internal.LifecycleModuleBuilder.buildProject (LifecycleModuleBuilder.java:105)
    at org.apache.maven.lifecycle.internal.LifecycleModuleBuilder.buildProject (LifecycleModuleBuilder.java:73)
    at org.apache.maven.lifecycle.internal.builder.singlethreaded.SingleThreadedBuilder.build (SingleThreadedBuilder.java:53)
    at org.apache.maven.lifecycle.internal.LifecycleStarter.execute (LifecycleStarter.java:118)
    at org.apache.maven.DefaultMaven.doExecute (DefaultMaven.java:261)
    at org.apache.maven.DefaultMaven.doExecute (DefaultMaven.java:173)
    at org.apache.maven.DefaultMaven.execute (DefaultMaven.java:101)
    at org.apache.maven.cli.MavenCli.execute (MavenCli.java:906)
    at org.apache.maven.cli.MavenCli.doMain (MavenCli.java:283)
    at org.apache.maven.cli.MavenCli.main (MavenCli.java:206)
    at sun.reflect.NativeMethodAccessorImpl.invoke0 (Native Method)
    at sun.reflect.NativeMethodAccessorImpl.invoke (NativeMethodAccessorImpl.java:62)
    at sun.reflect.DelegatingMethodAccessorImpl.invoke (DelegatingMethodAccessorImpl.java:43)
    at java.lang.reflect.Method.invoke (Method.java:498)
    at org.codehaus.plexus.classworlds.launcher.Launcher.launchEnhanced (Launcher.java:283)
    at org.codehaus.plexus.classworlds.launcher.Launcher.launch (Launcher.java:226)
    at org.codehaus.plexus.classworlds.launcher.Launcher.mainWithExitCode (Launcher.java:407)
    at org.codehaus.plexus.classworlds.launcher.Launcher.main (Launcher.java:348)
Caused by: org.apache.maven.plugin.MojoFailureException: There are test failures.

Please refer to /home/mopuser/workspace/CassandraCompositeType/target/surefire-reports for the individual test results.
    at org.apache.maven.plugin.surefire.SurefireHelper.reportExecution (SurefireHelper.java:55)
    at org.apache.maven.plugin.surefire.SurefirePlugin.execute (SurefirePlugin.java:592)
    at org.apache.maven.plugin.DefaultBuildPluginManager.executeMojo (DefaultBuildPluginManager.java:126)
    at org.apache.maven.lifecycle.internal.MojoExecutor.doExecute2 (MojoExecutor.java:328)
    at org.apache.maven.lifecycle.internal.MojoExecutor.doExecute (MojoExecutor.java:316)
    at org.apache.maven.lifecycle.internal.MojoExecutor.execute (MojoExecutor.java:212)
    at org.apache.maven.lifecycle.internal.MojoExecutor.execute (MojoExecutor.java:174)
    at org.apache.maven.lifecycle.internal.MojoExecutor.access$000 (MojoExecutor.java:75)
    at org.apache.maven.lifecycle.internal.MojoExecutor$1.run (MojoExecutor.java:162)
    at org.apache.maven.plugin.DefaultMojosExecutionStrategy.execute (DefaultMojosExecutionStrategy.java:39)
    at org.apache.maven.lifecycle.internal.MojoExecutor.execute (MojoExecutor.java:159)
    at org.apache.maven.lifecycle.internal.LifecycleModuleBuilder.buildProject (LifecycleModuleBuilder.java:105)
    at org.apache.maven.lifecycle.internal.LifecycleModuleBuilder.buildProject (LifecycleModuleBuilder.java:73)
    at org.apache.maven.lifecycle.internal.builder.singlethreaded.SingleThreadedBuilder.build (SingleThreadedBuilder.java:53)
    at org.apache.maven.lifecycle.internal.LifecycleStarter.execute (LifecycleStarter.java:118)
    at org.apache.maven.DefaultMaven.doExecute (DefaultMaven.java:261)
    at org.apache.maven.DefaultMaven.doExecute (DefaultMaven.java:173)
    at org.apache.maven.DefaultMaven.execute (DefaultMaven.java:101)
    at org.apache.maven.cli.MavenCli.execute (MavenCli.java:906)
    at org.apache.maven.cli.MavenCli.doMain (MavenCli.java:283)
    at org.apache.maven.cli.MavenCli.main (MavenCli.java:206)
    at sun.reflect.NativeMethodAccessorImpl.invoke0 (Native Method)
    at sun.reflect.NativeMethodAccessorImpl.invoke (NativeMethodAccessorImpl.java:62)
    at sun.reflect.DelegatingMethodAccessorImpl.invoke (DelegatingMethodAccessorImpl.java:43)
    at java.lang.reflect.Method.invoke (Method.java:498)
    at org.codehaus.plexus.classworlds.launcher.Launcher.launchEnhanced (Launcher.java:283)
    at org.codehaus.plexus.classworlds.launcher.Launcher.launch (Launcher.java:226)
    at org.codehaus.plexus.classworlds.launcher.Launcher.mainWithExitCode (Launcher.java:407)
    at org.codehaus.plexus.classworlds.launcher.Launcher.main (Launcher.java:348)
[ERROR] 
[ERROR] Re-run Maven using the -X switch to enable full debug logging.
[ERROR] 
[ERROR] For more information about the errors and possible solutions, please read the following articles:
[ERROR] [Help 1] http://cwiki.apache.org/confluence/display/MAVEN/MojoFailureException
[INFO] Build failures were ignored.
